[1;37m
  ___   _                              _
 / _ \ | |__   ___   ___  _ __ __   __(_) _   _  _ __ ___
| | | || '_ \ / __| / _ \| '__|\ \ / /| || | | || '_ ` _ \
| |_| || |_) |\__ \|  __/| |    \ V / | || |_| || | | | | |
 \___/ |_.__/ |___/ \___||_|     \_/  |_| \__,_||_| |_| |_|[0;36m
                     Observium Community Edition 19.8.10000
                                   http://www.observium.org[0m
[0m
[1;37m#####  [1;37m[1;37mStarting discovery run at 2023-11-22 19:40:01[1;37m  #####[0m
[0m
[1;37m#####  [1;37m[1;37mFinished discovery run at 2023-11-22 19:40:01[1;37m  #####[0m
[0m
WARNING: 0 devices discovered.
[1;37m o [1;37mDevices Discovered  [0m 0
[1;37m o [1;37mDiscovery Time      [0m 0.016 secs
[1;37m o [1;37mMemory usage        [0m 14MB (peak: 14MB)
[1;37m o [1;37mMySQL Usage         [0m Cell[1/0s] Row[2/0.001s] Rows[3/0.003s] Column[0/0s] Update[0/0s] Insert[0/0s] Delete[0/0s] 
[1;37m o [1;37mRRDTool Usage       [0m 
[1;37m
  ___   _                              _
 / _ \ | |__   ___   ___  _ __ __   __(_) _   _  _ __ ___
| | | || '_ \ / __| / _ \| '__|\ \ / /| || | | || '_ ` _ \
| |_| || |_) |\__ \|  __/| |    \ V / | || |_| || | | | | |
 \___/ |_.__/ |___/ \___||_|     \_/  |_| \__,_||_| |_| |_|[0;36m
                     Observium Community Edition 19.8.10000
                                   http://www.observium.org[0m
[0m
[1;37m#####  [1;37m[1;37mStarting discovery run at 2023-11-22 19:45:02[1;37m  #####[0m
[0m
[1;37m#####  [1;37m[1;37mFinished discovery run at 2023-11-22 19:45:02[1;37m  #####[0m
[0m
WARNING: 0 devices discovered.
[1;37m o [1;37mDevices Discovered  [0m 0
[1;37m o [1;37mDiscovery Time      [0m 0.011 secs
[1;37m o [1;37mMemory usage        [0m 14MB (peak: 14MB)
[1;37m o [1;37mMySQL Usage         [0m Cell[1/0s] Row[2/0.002s] Rows[3/0.005s] Column[0/0s] Update[0/0s] Insert[0/0s] Delete[0/0s] 
[1;37m o [1;37mRRDTool Usage       [0m 
